\BOOKMARK [0][]{Contents.0}{Contents}{}% 1
\BOOKMARK [0][]{chapter.1}{1 Introduction}{}% 2
\BOOKMARK [1][-]{section.1.1}{1.1 Neutrinos - the early years}{chapter.1}% 3
\BOOKMARK [1][-]{section.1.2}{1.2 Neutrino sources}{chapter.1}% 4
\BOOKMARK [1][-]{section.1.3}{1.3 Neutrinos in the standard model}{chapter.1}% 5
\BOOKMARK [1][-]{section.1.4}{1.4 Neutrino Oscillations}{chapter.1}% 6
\BOOKMARK [1][-]{section.1.5}{1.5 Indirect measurement of the neutrino mass}{chapter.1}% 7
\BOOKMARK [1][-]{section.1.6}{1.6 Direct measurement of the neutrino mass}{chapter.1}% 8
\BOOKMARK [1][-]{section.1.7}{1.7 Cosmic rays from the viewpoint of KATRIN}{chapter.1}% 9
\BOOKMARK [0][]{chapter.2}{2 KATRIN experiment}{}% 10
\BOOKMARK [1][-]{section.2.1}{2.1 Measurement principle}{chapter.2}% 11
\BOOKMARK [2][-]{subsection.2.1.1}{2.1.1 MAC-E Filter}{section.2.1}% 12
\BOOKMARK [1][-]{section.2.2}{2.2 Experimental Setup}{chapter.2}% 13
\BOOKMARK [2][-]{subsection.2.2.1}{2.2.1 WGTS and Rear Section}{section.2.2}% 14
\BOOKMARK [2][-]{subsection.2.2.2}{2.2.2 Transport Section}{section.2.2}% 15
\BOOKMARK [2][-]{subsection.2.2.3}{2.2.3 Pre-Spectrometer}{section.2.2}% 16
\BOOKMARK [2][-]{subsection.2.2.4}{2.2.4 Main Spectrometer}{section.2.2}% 17
\BOOKMARK [2][-]{subsection.2.2.5}{2.2.5 Monitor spectrometer}{section.2.2}% 18
\BOOKMARK [2][-]{subsection.2.2.6}{2.2.6 Focal Plane Detector System}{section.2.2}% 19
\BOOKMARK [2][-]{subsection.2.2.7}{2.2.7 Solenoids, LFCS and EMCS system}{section.2.2}% 20
\BOOKMARK [2][-]{subsection.2.2.8}{2.2.8 Background sources}{section.2.2}% 21
\BOOKMARK [0][]{chapter.3}{3 Muon detection system}{}% 22
\BOOKMARK [1][-]{section.3.1}{3.1 Data aquisition crate}{chapter.3}% 23
\BOOKMARK [2][-]{subsection.3.1.1}{3.1.1 First level trigger cards}{section.3.1}% 24
\BOOKMARK [2][-]{subsection.3.1.2}{3.1.2 Second level trigger cards}{section.3.1}% 25
\BOOKMARK [1][-]{section.3.2}{3.2 Orca control}{chapter.3}% 26
\BOOKMARK [1][-]{section.3.3}{3.3 Scintillator modules}{chapter.3}% 27
\BOOKMARK [1][-]{section.3.4}{3.4 Photomultipliers}{chapter.3}% 28
\BOOKMARK [1][-]{section.3.5}{3.5 Gains, Thresholds and Acceleration Voltages}{chapter.3}% 29
\BOOKMARK [0][]{chapter.4}{4 Analysis software}{}% 30
\BOOKMARK [1][-]{section.4.1}{4.1 Data structure}{chapter.4}% 31
\BOOKMARK [1][-]{section.4.2}{4.2 Search Algorithms}{chapter.4}% 32
\BOOKMARK [2][-]{subsection.4.2.1}{4.2.1 Frequency Search}{section.4.2}% 33
\BOOKMARK [2][-]{subsection.4.2.2}{4.2.2 Incremental Search}{section.4.2}% 34
\BOOKMARK [1][-]{section.4.3}{4.3 Member Functions of the class run}{chapter.4}% 35
\BOOKMARK [0][]{chapter.5}{5 Simulation of Background Inducing Muons}{}% 36
\BOOKMARK [1][-]{section.5.1}{5.1 Geant4}{chapter.5}% 37
\BOOKMARK [1][-]{section.5.2}{5.2 Geometry Setup}{chapter.5}% 38
\BOOKMARK [1][-]{section.5.3}{5.3 Muon Generator}{chapter.5}% 39
\BOOKMARK [1][-]{section.5.4}{5.4 Hit Counter}{chapter.5}% 40
\BOOKMARK [0][]{chapter.6}{6 Comissioning measurements and analysis}{}% 41
\BOOKMARK [1][-]{section.6.1}{6.1 Finding the best filter settings}{chapter.6}% 42
\BOOKMARK [1][-]{section.6.2}{6.2 Rates of single muon modules}{chapter.6}% 43
\BOOKMARK [1][-]{section.6.3}{6.3 Operation in high magnetic fields}{chapter.6}% 44
\BOOKMARK [1][-]{section.6.4}{6.4 Module Stability}{chapter.6}% 45
\BOOKMARK [1][-]{section.6.5}{6.5 Module Efficiency}{chapter.6}% 46
\BOOKMARK [1][-]{section.6.6}{6.6 Photo Multiplier Tube Test with 90Sr source}{chapter.6}% 47
\BOOKMARK [1][-]{section.6.7}{6.7 Synchronization of moun detection system and FPD DAQs}{chapter.6}% 48
\BOOKMARK [1][-]{section.6.8}{6.8 Coincidence Search between Muon- and Detector Events}{chapter.6}% 49
\BOOKMARK [2][-]{subsection.6.8.1}{6.8.1 Monitor Spectrometer}{section.6.8}% 50
\BOOKMARK [2][-]{subsection.6.8.2}{6.8.2 Main Spectrometer}{section.6.8}% 51
\BOOKMARK [0][]{chapter.7}{7 Conclusion \046 Outlook}{}% 52
\BOOKMARK [0][]{section*.81}{Bibliography}{}% 53
\BOOKMARK [0][]{chapter*.83}{Annex}{}% 54
\BOOKMARK [1][-]{section.7.1}{A ORCA air coil script}{chapter*.83}% 55
\BOOKMARK [1][-]{section.7.2}{B Connection scheme DAQ \046 high voltage settings}{chapter*.83}% 56
\BOOKMARK [1][-]{section.7.3}{C Weather data Christmas 2012}{chapter*.83}% 57
\BOOKMARK [1][-]{section.7.4}{D Other monitor spectrometer settings}{chapter*.83}% 58
\BOOKMARK [1][-]{section.7.5}{E Monitor spectrometer field setup and analysis}{chapter*.83}% 59
\BOOKMARK [1][-]{section.7.6}{F Main spectrometer analysis}{chapter*.83}% 60
\BOOKMARK [1][-]{section.7.7}{G A vis.mac file}{chapter*.83}% 61
